<?xml version="1.0" encoding="UTF-8"?>
<!-- Generated by org.testng.reporters.JUnitReportReporter -->
<testsuite hostname="DESKTOP-ALAN" failures="0" tests="1" name="testscripts.Hometest" time="11.029" errors="0" timestamp="2025-08-30T09:15:10 IST" skipped="0">
  <testcase classname="testscripts.Hometest" name="verifyUserIsAbletoSuccessfullyLogout" time="11.029"/>
</testsuite> <!-- testscripts.Hometest -->
