<?xml version="1.0" encoding="UTF-8"?>
<!-- Generated by org.testng.reporters.JUnitReportReporter -->
<testsuite hostname="DESKTOP-ALAN" failures="0" tests="1" name="testscripts.Hometest" time="9.152" errors="0" timestamp="2025-08-16T16:59:22 IST" skipped="0">
  <testcase classname="testscripts.Hometest" name="verifyUserIsAbletoSuccessfullyLogout" time="9.152"/>
</testsuite> <!-- testscripts.Hometest -->
