<?xml version="1.0" encoding="UTF-8"?>
<!-- Generated by org.testng.reporters.JUnitReportReporter -->
<testsuite hostname="DESKTOP-ALAN" failures="0" tests="4" name="testscripts.CategoryTest" time="37.756" errors="0" timestamp="2025-08-30T09:15:10 IST" skipped="0">
  <testcase classname="testscripts.CategoryTest" name="addnewcategory" time="13.105"/>
  <testcase classname="testscripts.CategoryTest" name="searchcategory" time="7.717"/>
  <testcase classname="testscripts.CategoryTest" name="Editcategory" time="8.314"/>
  <testcase classname="testscripts.CategoryTest" name="Deletecategory" time="8.620"/>
</testsuite> <!-- testscripts.CategoryTest -->
