<?xml version="1.0" encoding="UTF-8"?>
<!-- Generated by org.testng.reporters.JUnitReportReporter -->
<testsuite hostname="DESKTOP-ALAN" failures="0" tests="4" name="testscripts.CategoryTest" time="36.520" errors="0" timestamp="2025-08-16T16:58:14 IST" skipped="0">
  <testcase classname="testscripts.CategoryTest" name="addnewcategory" time="9.522"/>
  <testcase classname="testscripts.CategoryTest" name="searchcategory" time="8.655"/>
  <testcase classname="testscripts.CategoryTest" name="Editcategory" time="9.397"/>
  <testcase classname="testscripts.CategoryTest" name="Deletecategory" time="8.946"/>
</testsuite> <!-- testscripts.CategoryTest -->
