<?xml version="1.0" encoding="UTF-8"?>
<!-- Generated by org.testng.reporters.JUnitReportReporter -->
<testsuite hostname="DESKTOP-ALAN" failures="0" tests="4" name="testscripts.Logintest" time="30.396" errors="0" timestamp="2025-08-16T17:04:49 IST" skipped="0">
  <testcase classname="testscripts.Logintest" name="verifyUserLoginWithIncorrectUsernameWithCorrectPassword" time="7.521"/>
  <testcase classname="testscripts.Logintest" name="verifyUserLoginWithIncorrectUsernameWithInCorrectPassword" time="6.879"/>
  <testcase classname="testscripts.Logintest" name="veriyloginwithvalidusernameandinvalidpwd" time="8.104"/>
  <testcase classname="testscripts.Logintest" name="verifyUserloginwithValidCredentials" time="7.892"/>
</testsuite> <!-- testscripts.Logintest -->
