<?xml version="1.0" encoding="UTF-8"?>
<!-- Generated by org.testng.reporters.JUnitReportReporter -->
<testsuite hostname="DESKTOP-ALAN" failures="0" tests="1" name="testscripts.Managenewstest" time="8.742" errors="0" timestamp="2025-08-16T14:04:10 IST" skipped="0">
  <testcase classname="testscripts.Managenewstest" name="addnewnews" time="8.742"/>
</testsuite> <!-- testscripts.Managenewstest -->
