<?xml version="1.0" encoding="UTF-8"?>
<!-- Generated by org.testng.reporters.JUnitReportReporter -->
<testsuite hostname="DESKTOP-ALAN" failures="0" tests="4" name="testscripts.Logintest" time="48.761" errors="0" timestamp="2025-08-30T09:15:10 IST" skipped="0">
  <testcase classname="testscripts.Logintest" name="verifyUserLoginWithIncorrectUsernameWithCorrectPassword" time="10.599"/>
  <testcase classname="testscripts.Logintest" name="verifyUserLoginWithIncorrectUsernameWithInCorrectPassword" time="12.317"/>
  <testcase classname="testscripts.Logintest" name="veriyloginwithvalidusernameandinvalidpwd" time="16.129"/>
  <testcase classname="testscripts.Logintest" name="verifyUserloginwithValidCredentials" time="9.716"/>
</testsuite> <!-- testscripts.Logintest -->
